14:58:19 GET /api/book user agent: PostmanRuntime/7.32.3
15:14:13 GET /api/book/upload-book user agent: PostmanRuntime/7.32.3
15:14:48 POST /api/book/upload-book user agent: PostmanRuntime/7.32.3
15:15:8 POST /api/book/upload-book user agent: PostmanRuntime/7.32.3
15:15:15 POST /api/book/upload-book user agent: PostmanRuntime/7.32.3
15:15:22 POST /api/book/upload-book user agent: PostmanRuntime/7.32.3
15:16:10 POST /api/book/upload-book user agent: PostmanRuntime/7.32.3
15:17:33 POST /api/book/upload-book user agent: PostmanRuntime/7.32.3
15:22:2 POST /api/book/upload-book user agent: PostmanRuntime/7.32.3
14:6:18 POST /api/book/upload-book user agent: PostmanRuntime/7.32.3
14:9:34 POST /api/book/upload-book user agent: PostmanRuntime/7.32.3
14:24:24 POST /api/book/upload-book user agent: PostmanRuntime/7.32.3
14:28:3 POST /api/book/upload-book user agent: PostmanRuntime/7.32.3
14:29:17 POST /api/book/upload-book user agent: PostmanRuntime/7.32.3
14:40:53 POST /api/book/upload-book user agent: PostmanRuntime/7.32.3
14:43:29 POST /api/book/upload-book user agent: PostmanRuntime/7.32.3
9:25:47 POST /api/book/upload-book user agent: PostmanRuntime/7.33.0
9:33:56 POST /api/book/upload-book user agent: PostmanRuntime/7.33.0
9:34:28 POST /api/book/upload-book user agent: PostmanRuntime/7.33.0
9:37:25 POST /api/book/upload-book user agent: PostmanRuntime/7.33.0
9:40:29 POST /api/book/upload-book user agent: PostmanRuntime/7.33.0
9:45:13 POST /api/book/upload-book user agent: PostmanRuntime/7.33.0
10:48:36 POST /api/book/upload-book user agent: PostmanRuntime/7.33.0
10:49:7 POST /api/book/upload-book user agent: PostmanRuntime/7.33.0
10:50:43 POST /api/book/upload-book user agent: PostmanRuntime/7.33.0
10:50:54 POST /api/book/upload-book user agent: PostmanRuntime/7.33.0
10:53:24 POST /api/book/upload-book user agent: PostmanRuntime/7.33.0
10:55:22 POST /api/book/upload-book user agent: PostmanRuntime/7.33.0
10:57:11 POST /api/book/upload-book user agent: PostmanRuntime/7.33.0
10:57:45 POST /api/book user agent: PostmanRuntime/7.33.0
10:57:55 POST /api/book user agent: PostmanRuntime/7.33.0
10:58:7 POST /api/book/upload-book user agent: PostmanRuntime/7.33.0
10:58:55 POST /api/book/upload-book user agent: PostmanRuntime/7.33.0
10:59:3 POST /api/book/upload-book user agent: PostmanRuntime/7.33.0
10:59:9 POST /api/book/upload-book user agent: PostmanRuntime/7.33.0
11:7:20 POST /api/book user agent: PostmanRuntime/7.33.0
11:11:26 POST /api/book user agent: PostmanRuntime/7.33.0
11:11:32 POST /api/book/upload-book user agent: PostmanRuntime/7.33.0
11:11:35 POST /api/book/upload-book user agent: PostmanRuntime/7.33.0
11:11:36 POST /api/book/upload-book user agent: PostmanRuntime/7.33.0
11:17:23 GET /api/book user agent: PostmanRuntime/7.33.0
11:17:42 GET /api/book/appreciable-prick/download-book user agent: PostmanRuntime/7.33.0
11:18:12 GET /api/book/%22appreciable-prick%22/download-book user agent: PostmanRuntime/7.33.0
11:18:56 GET /api/book user agent: PostmanRuntime/7.33.0
11:19:6 GET /api/book/killed-biology/download-book user agent: PostmanRuntime/7.33.0
11:19:19 GET /api/book user agent: PostmanRuntime/7.33.0
11:19:31 GET /api/book/left-wing-vehicle/download-book user agent: PostmanRuntime/7.33.0
11:19:51 GET /api/book user agent: PostmanRuntime/7.33.0
11:20:2 GET /api/book/unopened-scent/download-book user agent: PostmanRuntime/7.33.0
11:21:16 GET /api/book user agent: PostmanRuntime/7.33.0
11:21:24 GET /api/book/step-by-step-conga/download-book user agent: PostmanRuntime/7.33.0
11:26:1 GET /api/book user agent: PostmanRuntime/7.33.0
11:27:25 GET /api/book user agent: PostmanRuntime/7.33.0
11:28:24 GET /api/book user agent: PostmanRuntime/7.33.0
11:28:38 GET /api/book/numbered-manhole/download-book user agent: PostmanRuntime/7.33.0
